0 info it worked if it ends with ok
1 verbose cli [ 'C:\\Program Files\\nodejs\\node.exe',
1 verbose cli   'C:\\Program Files\\nodejs\\node_modules\\npm\\bin\\npm-cli.js',
1 verbose cli   'start' ]
2 info using npm@3.3.12
3 info using node@v5.1.0
4 verbose run-script [ 'prestart', 'start', 'poststart' ]
5 info lifecycle redux-async-example@0.0.0~prestart: redux-async-example@0.0.0
6 silly lifecycle redux-async-example@0.0.0~prestart: no script for prestart, continuing
7 info lifecycle redux-async-example@0.0.0~start: redux-async-example@0.0.0
8 verbose lifecycle redux-async-example@0.0.0~start: unsafe-perm in lifecycle true
9 verbose lifecycle redux-async-example@0.0.0~start: PATH: C:\Program Files\nodejs\node_modules\npm\bin\node-gyp-bin;D:\Workspace\redux-async-tutorial\node_modules\.bin;C:\Users\Igor_Sergiienko\bin;D:\Programs\Git\mingw64\bin;D:\Programs\Git\usr\local\bin;D:\Programs\Git\usr\bin;D:\Programs\Git\usr\bin;D:\Programs\Git\mingw64\bin;D:\Programs\Git\usr\bin;C:\Users\Igor_Sergiienko\bin;C:\WINDOWS\system32;C:\WINDOWS;C:\WINDOWS\System32\Wbem;C:\WINDOWS\System32\WindowsPowerShell\v1.0;C:\Program Files\TortoiseSVN\bin;C:\Program Files\nodejs;D:\Programs\Brackets\command;C:\Program Files (x86)\Skype\Phone;D:\Programs\Vagrant\bin;D:\Programs\Git\cmd;D:\Programs\Git\usr\bin;C:\WINDOWS\system32\config\systemprofile\.dnx\bin;C:\Program Files\Microsoft DNX\Dnvm;C:\Program Files\Microsoft SQL Server\120\Tools\Binn;C:\Program Files\Microsoft SQL Server\130\Tools\Binn;C:\Program Files\Java\jdk1.8.0_77\bin;D:\Programs\Ruby22-x64\bin;C:\ProgramData\Oracle\Java\javapath;D:\Programs\Ruby\bin;C:\WINDOWS\CCM;C:\WINDOWS\system32;C:\WINDOWS;C:\WINDOWS\System32\Wbem;C:\WINDOWS\System32\WindowsPowerShell\v1.0;C:\Program Files\TortoiseSVN\bin;C:\Program Files (x86)\Skype\Phone;C:\Users\Igor_Sergiienko\AppData\Roaming\npm;D:\maven-3.2.3\bin;C:\Program Files\Java\jdk1.8.0_77\bin;D:\Programs\Git\usr\bin\vendor_perl;D:\Programs\Git\usr\bin\core_perl
10 verbose lifecycle redux-async-example@0.0.0~start: CWD: D:\Workspace\redux-async-tutorial
11 silly lifecycle redux-async-example@0.0.0~start: Args: [ '/d /s /c', 'node server.js' ]
12 silly lifecycle redux-async-example@0.0.0~start: Returned: code: 1  signal: null
13 info lifecycle redux-async-example@0.0.0~start: Failed to exec start script
14 verbose stack Error: redux-async-example@0.0.0 start: `node server.js`
14 verbose stack Exit status 1
14 verbose stack     at EventEmitter.<anonymous> (C:\Program Files\nodejs\node_modules\npm\lib\utils\lifecycle.js:232:16)
14 verbose stack     at emitTwo (events.js:87:13)
14 verbose stack     at EventEmitter.emit (events.js:172:7)
14 verbose stack     at ChildProcess.<anonymous> (C:\Program Files\nodejs\node_modules\npm\lib\utils\spawn.js:24:14)
14 verbose stack     at emitTwo (events.js:87:13)
14 verbose stack     at ChildProcess.emit (events.js:172:7)
14 verbose stack     at maybeClose (internal/child_process.js:818:16)
14 verbose stack     at Process.ChildProcess._handle.onexit (internal/child_process.js:211:5)
15 verbose pkgid redux-async-example@0.0.0
16 verbose cwd D:\Workspace\redux-async-tutorial
17 error Windows_NT 6.1.7601
18 error argv "C:\\Program Files\\nodejs\\node.exe" "C:\\Program Files\\nodejs\\node_modules\\npm\\bin\\npm-cli.js" "start"
19 error node v5.1.0
20 error npm  v3.3.12
21 error code ELIFECYCLE
22 error redux-async-example@0.0.0 start: `node server.js`
22 error Exit status 1
23 error Failed at the redux-async-example@0.0.0 start script 'node server.js'.
23 error Make sure you have the latest version of node.js and npm installed.
23 error If you do, this is most likely a problem with the redux-async-example package,
23 error not with npm itself.
23 error Tell the author that this fails on your system:
23 error     node server.js
23 error You can get their info via:
23 error     npm owner ls redux-async-example
23 error There is likely additional logging output above.
24 verbose exit [ 1, true ]
